"Start of log file."
"C:/Users/stephenc/DOCUME~1/GitHub/YUGIOH~1/YuGiOh/Assets/RESOUR~1/MONSTE~1/SLIFER~1/SLIFER~1.MAX"
"Starting max loading and fbx conversion"
window = undefined
"Settings units"
"Before fbx export"
"After fbx export"
"Finished max loading and fbx conversion"
"C:/Users/stephenc/DOCUME~1/GitHub/YUGIOH~1/YuGiOh/Assets/RESOUR~1/MONSTE~1/BLACKR~1/BLACKR~1.MAX"
"Starting max loading and fbx conversion"
window = undefined
"Settings units"
"Before fbx export"
"After fbx export"
"Finished max loading and fbx conversion"
"C:/Users/stephenc/DOCUME~1/GitHub/YUGIOH~1/YuGiOh/Assets/RESOUR~1/MONSTE~1/THEWIN~1/WINGED~1/WINGED~1.MAX"
"Starting max loading and fbx conversion"
window = undefined
"Settings units"
"Before fbx export"
"After fbx export"
"Finished max loading and fbx conversion"
"C:/Users/stephenc/DOCUME~1/GitHub/YUGIOH~1/YuGiOh/Assets/RESOUR~1/MONSTE~1/Obelisk/OBELIS~1.MAX"
"Starting max loading and fbx conversion"
window = undefined
"Settings units"
"Before fbx export"
"After fbx export"
"Finished max loading and fbx conversion"
"C:/Users/stephenc/DOCUME~1/GitHub/YUGIOH~1/YuGiOh/Assets/RESOUR~1/MONSTE~1/BLUE-E~1/44444444.max"
"Starting max loading and fbx conversion"
window = undefined
"Settings units"
"Before fbx export"
"After fbx export"
"Finished max loading and fbx conversion"
"C:/Users/stephenc/DOCUME~1/GitHub/YUGIOH~1/YuGiOh/Assets/RESOUR~1/MONSTE~1/MYSTIC~1/MYSTIC~1.MAX"
"Starting max loading and fbx conversion"
window = undefined
"Settings units"
"Before fbx export"
"After fbx export"
"Finished max loading and fbx conversion"
"C:/Users/stephenc/DOCUME~1/GitHub/YUGIOH~1/YuGiOh/Assets/RESOUR~1/MONSTE~1/BUSTER~1/BUSTER~1.MAX"
"Starting max loading and fbx conversion"
window = undefined
"Settings units"
"Before fbx export"
"After fbx export"
"Finished max loading and fbx conversion"
"C:/Users/stephenc/DOCUME~1/GitHub/YUGIOH~1/YuGiOh/Assets/RESOUR~1/MONSTE~1/THEWIN~1/RaModel.max"
"Starting max loading and fbx conversion"
window = undefined
"Settings units"
"Before fbx export"
"After fbx export"
"Finished max loading and fbx conversion"
